# JRE version: Java(TM) SE Runtime Environment (8.0_261-b12) (build 1.8.0_261-b12)
# Java VM: Java HotSpot(TM) 64-Bit Server VM (25.261-b12 mixed mode windows-amd64 compressed oops)
Heap:
 PSYoungGen      total 104960K, used 65606K [0x00000000d6100000, 0x00000000deb00000, 0x0000000100000000)
  eden space 99840K, 60% used [0x00000000d6100000,0x00000000d9c15b88,0x00000000dc280000)
  from space 5120K, 99% used [0x00000000de600000,0x00000000deafc050,0x00000000deb00000)
  to   space 5120K, 0% used [0x00000000de100000,0x00000000de100000,0x00000000de600000)
 ParOldGen       total 64512K, used 9271K [0x0000000082200000, 0x0000000086100000, 0x00000000d6100000)
  object space 64512K, 14% used [0x0000000082200000,0x0000000082b0de80,0x0000000086100000)
 Metaspace       used 26182K, capacity 27980K, committed 28160K, reserved 1073152K
  class space    used 3421K, capacity 3760K, committed 3840K, reserved 1048576K
GC Heap History (10 events):
Event: 0.780 GC heap before
{Heap before GC invocations=1 (full 0):
 PSYoungGen      total 37888K, used 32768K [0x00000000d6100000, 0x00000000d8b00000, 0x0000000100000000)
  eden space 32768K, 100% used [0x00000000d6100000,0x00000000d8100000,0x00000000d8100000)
  from space 5120K, 0% used [0x00000000d8600000,0x00000000d8600000,0x00000000d8b00000)
  to   space 5120K, 0% used [0x00000000d8100000,0x00000000d8100000,0x00000000d8600000)
 ParOldGen       total 86016K, used 0K [0x0000000082200000, 0x0000000087600000, 0x00000000d6100000)
  object space 86016K, 0% used [0x0000000082200000,0x0000000082200000,0x0000000087600000)
 Metaspace       used 9511K, capacity 10322K, committed 10368K, reserved 1058816K
  class space    used 1216K, capacity 1385K, committed 1408K, reserved 1048576K
Event: 0.789 GC heap after
Heap after GC invocations=1 (full 0):
 PSYoungGen      total 37888K, used 4611K [0x00000000d6100000, 0x00000000dab00000, 0x0000000100000000)
  eden space 32768K, 0% used [0x00000000d6100000,0x00000000d6100000,0x00000000d8100000)
  from space 5120K, 90% used [0x00000000d8100000,0x00000000d8580c30,0x00000000d8600000)
  to   space 5120K, 0% used [0x00000000da600000,0x00000000da600000,0x00000000dab00000)
 ParOldGen       total 86016K, used 16K [0x0000000082200000, 0x0000000087600000, 0x00000000d6100000)
  object space 86016K, 0% used [0x0000000082200000,0x0000000082204000,0x0000000087600000)
 Metaspace       used 9511K, capacity 10322K, committed 10368K, reserved 1058816K
  class space    used 1216K, capacity 1385K, committed 1408K, reserved 1048576K
}
Event: 1.344 GC heap before
{Heap before GC invocations=2 (full 0):
 PSYoungGen      total 37888K, used 37379K [0x00000000d6100000, 0x00000000dab00000, 0x0000000100000000)
  eden space 32768K, 100% used [0x00000000d6100000,0x00000000d8100000,0x00000000d8100000)
  from space 5120K, 90% used [0x00000000d8100000,0x00000000d8580c30,0x00000000d8600000)
  to   space 5120K, 0% used [0x00000000da600000,0x00000000da600000,0x00000000dab00000)
 ParOldGen       total 86016K, used 16K [0x0000000082200000, 0x0000000087600000, 0x00000000d6100000)
  object space 86016K, 0% used [0x0000000082200000,0x0000000082204000,0x0000000087600000)
 Metaspace       used 13347K, capacity 14316K, committed 14464K, reserved 1062912K
  class space    used 1691K, capacity 1904K, committed 1920K, reserved 1048576K
Event: 1.350 GC heap after
Heap after GC invocations=2 (full 0):
 PSYoungGen      total 70656K, used 5107K [0x00000000d6100000, 0x00000000dab00000, 0x0000000100000000)
  eden space 65536K, 0% used [0x00000000d6100000,0x00000000d6100000,0x00000000da100000)
  from space 5120K, 99% used [0x00000000da600000,0x00000000daafcd98,0x00000000dab00000)
  to   space 5120K, 0% used [0x00000000da100000,0x00000000da100000,0x00000000da600000)
 ParOldGen       total 86016K, used 516K [0x0000000082200000, 0x0000000087600000, 0x00000000d6100000)
  object space 86016K, 0% used [0x0000000082200000,0x00000000822812e8,0x0000000087600000)
 Metaspace       used 13347K, capacity 14316K, committed 14464K, reserved 1062912K
  class space    used 1691K, capacity 1904K, committed 1920K, reserved 1048576K
}
Event: 2.320 GC heap before
{Heap before GC invocations=3 (full 0):
 PSYoungGen      total 70656K, used 63497K [0x00000000d6100000, 0x00000000dab00000, 0x0000000100000000)
  eden space 65536K, 89% used [0x00000000d6100000,0x00000000d9a05730,0x00000000da100000)
  from space 5120K, 99% used [0x00000000da600000,0x00000000daafcd98,0x00000000dab00000)
  to   space 5120K, 0% used [0x00000000da100000,0x00000000da100000,0x00000000da600000)
 ParOldGen       total 86016K, used 516K [0x0000000082200000, 0x0000000087600000, 0x00000000d6100000)
  object space 86016K, 0% used [0x0000000082200000,0x00000000822812e8,0x0000000087600000)
 Metaspace       used 19746K, capacity 21160K, committed 21296K, reserved 1067008K
  class space    used 2572K, capacity 2846K, committed 2944K, reserved 1048576K
Event: 2.329 GC heap after
Heap after GC invocations=3 (full 0):
 PSYoungGen      total 70656K, used 5113K [0x00000000d6100000, 0x00000000deb00000, 0x0000000100000000)
  eden space 65536K, 0% used [0x00000000d6100000,0x00000000d6100000,0x00000000da100000)
  from space 5120K, 99% used [0x00000000da100000,0x00000000da5fe6f8,0x00000000da600000)
  to   space 5120K, 0% used [0x00000000de600000,0x00000000de600000,0x00000000deb00000)
 ParOldGen       total 86016K, used 5047K [0x0000000082200000, 0x0000000087600000, 0x00000000d6100000)
  object space 86016K, 5% used [0x0000000082200000,0x00000000826edc90,0x0000000087600000)
 Metaspace       used 19746K, capacity 21160K, committed 21296K, reserved 1067008K
  class space    used 2572K, capacity 2846K, committed 2944K, reserved 1048576K
}
Event: 2.329 GC heap before
{Heap before GC invocations=4 (full 1):
 PSYoungGen      total 70656K, used 5113K [0x00000000d6100000, 0x00000000deb00000, 0x0000000100000000)
  eden space 65536K, 0% used [0x00000000d6100000,0x00000000d6100000,0x00000000da100000)
  from space 5120K, 99% used [0x00000000da100000,0x00000000da5fe6f8,0x00000000da600000)
  to   space 5120K, 0% used [0x00000000de600000,0x00000000de600000,0x00000000deb00000)
 ParOldGen       total 86016K, used 5047K [0x0000000082200000, 0x0000000087600000, 0x00000000d6100000)
  object space 86016K, 5% used [0x0000000082200000,0x00000000826edc90,0x0000000087600000)
 Metaspace       used 19746K, capacity 21160K, committed 21296K, reserved 1067008K
  class space    used 2572K, capacity 2846K, committed 2944K, reserved 1048576K
Event: 2.355 GC heap after
Heap after GC invocations=4 (full 1):
 PSYoungGen      total 70656K, used 0K [0x00000000d6100000, 0x00000000deb00000, 0x0000000100000000)
  eden space 65536K, 0% used [0x00000000d6100000,0x00000000d6100000,0x00000000da100000)
  from space 5120K, 0% used [0x00000000da100000,0x00000000da100000,0x00000000da600000)
  to   space 5120K, 0% used [0x00000000de600000,0x00000000de600000,0x00000000deb00000)
 ParOldGen       total 64512K, used 9229K [0x0000000082200000, 0x0000000086100000, 0x00000000d6100000)
  object space 64512K, 14% used [0x0000000082200000,0x0000000082b03470,0x0000000086100000)
 Metaspace       used 19746K, capacity 21160K, committed 21296K, reserved 1067008K
  class space    used 2572K, capacity 2846K, committed 2944K, reserved 1048576K
}
Event: 2.598 GC heap before
{Heap before GC invocations=5 (full 1):
 PSYoungGen      total 70656K, used 65496K [0x00000000d6100000, 0x00000000deb00000, 0x0000000100000000)
  eden space 65536K, 99% used [0x00000000d6100000,0x00000000da0f6000,0x00000000da100000)
  from space 5120K, 0% used [0x00000000da100000,0x00000000da100000,0x00000000da600000)
  to   space 5120K, 0% used [0x00000000de600000,0x00000000de600000,0x00000000deb00000)
 ParOldGen       total 64512K, used 9229K [0x0000000082200000, 0x0000000086100000, 0x00000000d6100000)
  object space 64512K, 14% used [0x0000000082200000,0x0000000082b03470,0x0000000086100000)
 Metaspace       used 23431K, capacity 24968K, committed 25216K, reserved 1071104K
  class space    used 3080K, capacity 3384K, committed 3456K, reserved 1048576K
Event: 2.603 GC heap after
Heap after GC invocations=5 (full 1):
 PSYoungGen      total 104960K, used 5104K [0x00000000d6100000, 0x00000000deb00000, 0x0000000100000000)
  eden space 99840K, 0% used [0x00000000d6100000,0x00000000d6100000,0x00000000dc280000)
  from space 5120K, 99% used [0x00000000de600000,0x00000000deafc050,0x00000000deb00000)
  to   space 5120K, 0% used [0x00000000de100000,0x00000000de100000,0x00000000de600000)
 ParOldGen       total 64512K, used 9271K [0x0000000082200000, 0x0000000086100000, 0x00000000d6100000)
  object space 64512K, 14% used [0x0000000082200000,0x0000000082b0de80,0x0000000086100000)
 Metaspace       used 23431K, capacity 24968K, committed 25216K, reserved 1071104K
  class space    used 3080K, capacity 3384K, committed 3456K, reserved 1048576K
}

