# JRE version: OpenJDK Runtime Environment JBR-11.0.8.10-944.34-jcef (11.0.8+10) (build 11.0.8+10-b944.34)
# Java VM: OpenJDK 64-Bit Server VM JBR-11.0.8.10-944.34-jcef (11.0.8+10-b944.34, mixed mode, tiered, compressed oops, g1 gc, windows-amd64)
Heap:
 garbage-first heap   total 158720K, used 34634K [0x0000000082200000, 0x0000000100000000)
  region size 1024K, 15 young (15360K), 5 survivors (5120K)
 Metaspace       used 42586K, capacity 43642K, committed 43904K, reserved 1087488K
  class space    used 4746K, capacity 5161K, committed 5248K, reserved 1048576K
GC Heap History (16 events):
Event: 0.720 GC heap before
{Heap before GC invocations=0 (full 0):
 garbage-first heap   total 129024K, used 23552K [0x0000000082200000, 0x0000000100000000)
  region size 1024K, 24 young (24576K), 0 survivors (0K)
 Metaspace       used 9188K, capacity 9345K, committed 9600K, reserved 1058816K
  class space    used 808K, capacity 840K, committed 896K, reserved 1048576K
}
Event: 0.728 GC heap after
{Heap after GC invocations=1 (full 0):
 garbage-first heap   total 129024K, used 4256K [0x0000000082200000, 0x0000000100000000)
  region size 1024K, 3 young (3072K), 3 survivors (3072K)
 Metaspace       used 9188K, capacity 9345K, committed 9600K, reserved 1058816K
  class space    used 808K, capacity 840K, committed 896K, reserved 1048576K
}
Event: 2.037 GC heap before
{Heap before GC invocations=1 (full 0):
 garbage-first heap   total 129024K, used 77984K [0x0000000082200000, 0x0000000100000000)
  region size 1024K, 75 young (76800K), 3 survivors (3072K)
 Metaspace       used 17134K, capacity 17524K, committed 17664K, reserved 1064960K
  class space    used 1819K, capacity 1965K, committed 2048K, reserved 1048576K
}
Event: 2.046 GC heap after
{Heap after GC invocations=2 (full 0):
 garbage-first heap   total 129024K, used 6665K [0x0000000082200000, 0x0000000100000000)
  region size 1024K, 6 young (6144K), 6 survivors (6144K)
 Metaspace       used 17134K, capacity 17524K, committed 17664K, reserved 1064960K
  class space    used 1819K, capacity 1965K, committed 2048K, reserved 1048576K
}
Event: 2.531 GC heap before
{Heap before GC invocations=2 (full 0):
 garbage-first heap   total 129024K, used 45577K [0x0000000082200000, 0x0000000100000000)
  region size 1024K, 45 young (46080K), 6 survivors (6144K)
 Metaspace       used 20660K, capacity 21138K, committed 21248K, reserved 1069056K
  class space    used 2285K, capacity 2466K, committed 2560K, reserved 1048576K
}
Event: 2.542 GC heap after
{Heap after GC invocations=3 (full 0):
 garbage-first heap   total 129024K, used 7885K [0x0000000082200000, 0x0000000100000000)
  region size 1024K, 4 young (4096K), 4 survivors (4096K)
 Metaspace       used 20660K, capacity 21138K, committed 21248K, reserved 1069056K
  class space    used 2285K, capacity 2466K, committed 2560K, reserved 1048576K
}
Event: 4.631 GC heap before
{Heap before GC invocations=4 (full 0):
 garbage-first heap   total 129024K, used 80589K [0x0000000082200000, 0x0000000100000000)
  region size 1024K, 75 young (76800K), 4 survivors (4096K)
 Metaspace       used 28001K, capacity 28727K, committed 28928K, reserved 1075200K
  class space    used 3275K, capacity 3560K, committed 3584K, reserved 1048576K
}
Event: 4.639 GC heap after
{Heap after GC invocations=5 (full 0):
 garbage-first heap   total 129024K, used 9321K [0x0000000082200000, 0x0000000100000000)
  region size 1024K, 5 young (5120K), 5 survivors (5120K)
 Metaspace       used 28001K, capacity 28727K, committed 28928K, reserved 1075200K
  class space    used 3275K, capacity 3560K, committed 3584K, reserved 1048576K
}
Event: 8.082 GC heap before
{Heap before GC invocations=5 (full 0):
 garbage-first heap   total 129024K, used 84073K [0x0000000082200000, 0x0000000100000000)
  region size 1024K, 72 young (73728K), 5 survivors (5120K)
 Metaspace       used 34906K, capacity 35789K, committed 35840K, reserved 1081344K
  class space    used 4013K, capacity 4345K, committed 4352K, reserved 1048576K
}
Event: 8.161 GC heap after
{Heap after GC invocations=6 (full 0):
 garbage-first heap   total 129024K, used 20360K [0x0000000082200000, 0x0000000100000000)
  region size 1024K, 10 young (10240K), 10 survivors (10240K)
 Metaspace       used 34906K, capacity 35789K, committed 35840K, reserved 1081344K
  class space    used 4013K, capacity 4345K, committed 4352K, reserved 1048576K
}
Event: 13.084 GC heap before
{Heap before GC invocations=7 (full 0):
 garbage-first heap   total 129024K, used 86920K [0x0000000082200000, 0x0000000100000000)
  region size 1024K, 75 young (76800K), 10 survivors (10240K)
 Metaspace       used 40268K, capacity 41242K, committed 41344K, reserved 1085440K
  class space    used 4549K, capacity 4926K, committed 4992K, reserved 1048576K
}
Event: 13.093 GC heap after
{Heap after GC invocations=8 (full 0):
 garbage-first heap   total 158720K, used 22324K [0x0000000082200000, 0x0000000100000000)
  region size 1024K, 2 young (2048K), 2 survivors (2048K)
 Metaspace       used 40268K, capacity 41242K, committed 41344K, reserved 1085440K
  class space    used 4549K, capacity 4926K, committed 4992K, reserved 1048576K
}
Event: 91.098 GC heap before
{Heap before GC invocations=8 (full 0):
 garbage-first heap   total 158720K, used 105268K [0x0000000082200000, 0x0000000100000000)
  region size 1024K, 80 young (81920K), 2 survivors (2048K)
 Metaspace       used 42330K, capacity 43311K, committed 43520K, reserved 1087488K
  class space    used 4725K, capacity 5117K, committed 5120K, reserved 1048576K
}
Event: 91.102 GC heap after
{Heap after GC invocations=9 (full 0):
 garbage-first heap   total 158720K, used 25296K [0x0000000082200000, 0x0000000100000000)
  region size 1024K, 5 young (5120K), 5 survivors (5120K)
 Metaspace       used 42330K, capacity 43311K, committed 43520K, reserved 1087488K
  class space    used 4725K, capacity 5117K, committed 5120K, reserved 1048576K
}
Event: 367.594 GC heap before
{Heap before GC invocations=9 (full 0):
 garbage-first heap   total 158720K, used 108240K [0x0000000082200000, 0x0000000100000000)
  region size 1024K, 87 young (89088K), 5 survivors (5120K)
 Metaspace       used 42583K, capacity 43642K, committed 43904K, reserved 1087488K
  class space    used 4746K, capacity 5161K, committed 5248K, reserved 1048576K
}
Event: 367.599 GC heap after
{Heap after GC invocations=10 (full 0):
 garbage-first heap   total 158720K, used 25418K [0x0000000082200000, 0x0000000100000000)
  region size 1024K, 5 young (5120K), 5 survivors (5120K)
 Metaspace       used 42583K, capacity 43642K, committed 43904K, reserved 1087488K
  class space    used 4746K, capacity 5161K, committed 5248K, reserved 1048576K
}

