# JRE version: Java(TM) SE Runtime Environment (8.0_261-b12) (build 1.8.0_261-b12)
# Java VM: Java HotSpot(TM) 64-Bit Server VM (25.261-b12 mixed mode windows-amd64 compressed oops)
Heap:
 PSYoungGen      total 70656K, used 38858K [0x00000000d6100000, 0x00000000dab00000, 0x0000000100000000)
  eden space 65536K, 51% used [0x00000000d6100000,0x00000000d81fa4c8,0x00000000da100000)
  from space 5120K, 99% used [0x00000000da100000,0x00000000da5f8548,0x00000000da600000)
  to   space 5120K, 0% used [0x00000000da600000,0x00000000da600000,0x00000000dab00000)
 ParOldGen       total 48640K, used 7392K [0x0000000082200000, 0x0000000085180000, 0x00000000d6100000)
  object space 48640K, 15% used [0x0000000082200000,0x00000000829383c8,0x0000000085180000)
 Metaspace       used 27051K, capacity 28456K, committed 28800K, reserved 1075200K
  class space    used 3551K, capacity 3846K, committed 3968K, reserved 1048576K
GC Heap History (10 events):
Event: 1.827 GC heap before
{Heap before GC invocations=4 (full 0):
 PSYoungGen      total 37888K, used 37879K [0x00000000d6100000, 0x00000000dab00000, 0x0000000100000000)
  eden space 32768K, 100% used [0x00000000d6100000,0x00000000d8100000,0x00000000d8100000)
  from space 5120K, 99% used [0x00000000d8100000,0x00000000d85fdc88,0x00000000d8600000)
  to   space 5120K, 0% used [0x00000000da600000,0x00000000da600000,0x00000000dab00000)
 ParOldGen       total 86016K, used 1951K [0x0000000082200000, 0x0000000087600000, 0x00000000d6100000)
  object space 86016K, 2% used [0x0000000082200000,0x00000000823e7f50,0x0000000087600000)
 Metaspace       used 19318K, capacity 20108K, committed 20352K, reserved 1067008K
  class space    used 2429K, capacity 2624K, committed 2688K, reserved 1048576K
Event: 1.835 GC heap after
Heap after GC invocations=4 (full 0):
 PSYoungGen      total 70656K, used 5093K [0x00000000d6100000, 0x00000000dab00000, 0x0000000100000000)
  eden space 65536K, 0% used [0x00000000d6100000,0x00000000d6100000,0x00000000da100000)
  from space 5120K, 99% used [0x00000000da600000,0x00000000daaf94a0,0x00000000dab00000)
  to   space 5120K, 0% used [0x00000000da100000,0x00000000da100000,0x00000000da600000)
 ParOldGen       total 86016K, used 4442K [0x0000000082200000, 0x0000000087600000, 0x00000000d6100000)
  object space 86016K, 5% used [0x0000000082200000,0x0000000082656a38,0x0000000087600000)
 Metaspace       used 19318K, capacity 20108K, committed 20352K, reserved 1067008K
  class space    used 2429K, capacity 2624K, committed 2688K, reserved 1048576K
}
Event: 1.881 GC heap before
{Heap before GC invocations=5 (full 0):
 PSYoungGen      total 70656K, used 13855K [0x00000000d6100000, 0x00000000dab00000, 0x0000000100000000)
  eden space 65536K, 13% used [0x00000000d6100000,0x00000000d698e8a8,0x00000000da100000)
  from space 5120K, 99% used [0x00000000da600000,0x00000000daaf94a0,0x00000000dab00000)
  to   space 5120K, 0% used [0x00000000da100000,0x00000000da100000,0x00000000da600000)
 ParOldGen       total 86016K, used 4442K [0x0000000082200000, 0x0000000087600000, 0x00000000d6100000)
  object space 86016K, 5% used [0x0000000082200000,0x0000000082656a38,0x0000000087600000)
 Metaspace       used 20338K, capacity 21130K, committed 21248K, reserved 1067008K
  class space    used 2570K, capacity 2755K, committed 2816K, reserved 1048576K
Event: 1.886 GC heap after
Heap after GC invocations=5 (full 0):
 PSYoungGen      total 70656K, used 5106K [0x00000000d6100000, 0x00000000dab00000, 0x0000000100000000)
  eden space 65536K, 0% used [0x00000000d6100000,0x00000000d6100000,0x00000000da100000)
  from space 5120K, 99% used [0x00000000da100000,0x00000000da5fc978,0x00000000da600000)
  to   space 5120K, 0% used [0x00000000da600000,0x00000000da600000,0x00000000dab00000)
 ParOldGen       total 86016K, used 4676K [0x0000000082200000, 0x0000000087600000, 0x00000000d6100000)
  object space 86016K, 5% used [0x0000000082200000,0x0000000082691208,0x0000000087600000)
 Metaspace       used 20338K, capacity 21130K, committed 21248K, reserved 1067008K
  class space    used 2570K, capacity 2755K, committed 2816K, reserved 1048576K
}
Event: 1.886 GC heap before
{Heap before GC invocations=6 (full 1):
 PSYoungGen      total 70656K, used 5106K [0x00000000d6100000, 0x00000000dab00000, 0x0000000100000000)
  eden space 65536K, 0% used [0x00000000d6100000,0x00000000d6100000,0x00000000da100000)
  from space 5120K, 99% used [0x00000000da100000,0x00000000da5fc978,0x00000000da600000)
  to   space 5120K, 0% used [0x00000000da600000,0x00000000da600000,0x00000000dab00000)
 ParOldGen       total 86016K, used 4676K [0x0000000082200000, 0x0000000087600000, 0x00000000d6100000)
  object space 86016K, 5% used [0x0000000082200000,0x0000000082691208,0x0000000087600000)
 Metaspace       used 20338K, capacity 21130K, committed 21248K, reserved 1067008K
  class space    used 2570K, capacity 2755K, committed 2816K, reserved 1048576K
Event: 1.907 GC heap after
Heap after GC invocations=6 (full 1):
 PSYoungGen      total 70656K, used 0K [0x00000000d6100000, 0x00000000dab00000, 0x0000000100000000)
  eden space 65536K, 0% used [0x00000000d6100000,0x00000000d6100000,0x00000000da100000)
  from space 5120K, 0% used [0x00000000da100000,0x00000000da100000,0x00000000da600000)
  to   space 5120K, 0% used [0x00000000da600000,0x00000000da600000,0x00000000dab00000)
 ParOldGen       total 48640K, used 5165K [0x0000000082200000, 0x0000000085180000, 0x00000000d6100000)
  object space 48640K, 10% used [0x0000000082200000,0x000000008270b730,0x0000000085180000)
 Metaspace       used 20338K, capacity 21130K, committed 21248K, reserved 1067008K
  class space    used 2570K, capacity 2755K, committed 2816K, reserved 1048576K
}
Event: 2.142 GC heap before
{Heap before GC invocations=7 (full 1):
 PSYoungGen      total 70656K, used 65536K [0x00000000d6100000, 0x00000000dab00000, 0x0000000100000000)
  eden space 65536K, 100% used [0x00000000d6100000,0x00000000da100000,0x00000000da100000)
  from space 5120K, 0% used [0x00000000da100000,0x00000000da100000,0x00000000da600000)
  to   space 5120K, 0% used [0x00000000da600000,0x00000000da600000,0x00000000dab00000)
 ParOldGen       total 48640K, used 5165K [0x0000000082200000, 0x0000000085180000, 0x00000000d6100000)
  object space 48640K, 10% used [0x0000000082200000,0x000000008270b730,0x0000000085180000)
 Metaspace       used 21896K, capacity 22858K, committed 23040K, reserved 1069056K
  class space    used 2744K, capacity 2989K, committed 3072K, reserved 1048576K
Event: 2.144 GC heap after
Heap after GC invocations=7 (full 1):
 PSYoungGen      total 70656K, used 3198K [0x00000000d6100000, 0x00000000dab00000, 0x0000000100000000)
  eden space 65536K, 0% used [0x00000000d6100000,0x00000000d6100000,0x00000000da100000)
  from space 5120K, 62% used [0x00000000da600000,0x00000000da91f808,0x00000000dab00000)
  to   space 5120K, 0% used [0x00000000da100000,0x00000000da100000,0x00000000da600000)
 ParOldGen       total 48640K, used 5173K [0x0000000082200000, 0x0000000085180000, 0x00000000d6100000)
  object space 48640K, 10% used [0x0000000082200000,0x000000008270d730,0x0000000085180000)
 Metaspace       used 21896K, capacity 22858K, committed 23040K, reserved 1069056K
  class space    used 2744K, capacity 2989K, committed 3072K, reserved 1048576K
}
Event: 2.667 GC heap before
{Heap before GC invocations=8 (full 1):
 PSYoungGen      total 70656K, used 68734K [0x00000000d6100000, 0x00000000dab00000, 0x0000000100000000)
  eden space 65536K, 100% used [0x00000000d6100000,0x00000000da100000,0x00000000da100000)
  from space 5120K, 62% used [0x00000000da600000,0x00000000da91f808,0x00000000dab00000)
  to   space 5120K, 0% used [0x00000000da100000,0x00000000da100000,0x00000000da600000)
 ParOldGen       total 48640K, used 5173K [0x0000000082200000, 0x0000000085180000, 0x00000000d6100000)
  object space 48640K, 10% used [0x0000000082200000,0x000000008270d730,0x0000000085180000)
 Metaspace       used 25190K, capacity 26410K, committed 26624K, reserved 1073152K
  class space    used 3243K, capacity 3511K, committed 3584K, reserved 1048576K
Event: 2.673 GC heap after
Heap after GC invocations=8 (full 1):
 PSYoungGen      total 70656K, used 5089K [0x00000000d6100000, 0x00000000dab00000, 0x0000000100000000)
  eden space 65536K, 0% used [0x00000000d6100000,0x00000000d6100000,0x00000000da100000)
  from space 5120K, 99% used [0x00000000da100000,0x00000000da5f8548,0x00000000da600000)
  to   space 5120K, 0% used [0x00000000da600000,0x00000000da600000,0x00000000dab00000)
 ParOldGen       total 48640K, used 7392K [0x0000000082200000, 0x0000000085180000, 0x00000000d6100000)
  object space 48640K, 15% used [0x0000000082200000,0x00000000829383c8,0x0000000085180000)
 Metaspace       used 25190K, capacity 26410K, committed 26624K, reserved 1073152K
  class space    used 3243K, capacity 3511K, committed 3584K, reserved 1048576K
}

