# JRE version: Java(TM) SE Runtime Environment (8.0_261-b12) (build 1.8.0_261-b12)
# Java VM: Java HotSpot(TM) 64-Bit Server VM (25.261-b12 mixed mode windows-amd64 compressed oops)
Heap:
 PSYoungGen      total 134656K, used 56621K [0x00000000d6100000, 0x00000000e0d00000, 0x0000000100000000)
  eden space 125952K, 38% used [0x00000000d6100000,0x00000000d8fd2db8,0x00000000ddc00000)
  from space 8704K, 99% used [0x00000000ddc00000,0x00000000de478838,0x00000000de480000)
  to   space 15360K, 0% used [0x00000000dfe00000,0x00000000dfe00000,0x00000000e0d00000)
 ParOldGen       total 82432K, used 20218K [0x0000000082200000, 0x0000000087280000, 0x00000000d6100000)
  object space 82432K, 24% used [0x0000000082200000,0x00000000835beb00,0x0000000087280000)
 Metaspace       used 52479K, capacity 55106K, committed 55384K, reserved 1099776K
  class space    used 7259K, capacity 7738K, committed 7808K, reserved 1048576K
GC Heap History (10 events):
Event: 2.375 GC heap before
{Heap before GC invocations=7 (full 1):
 PSYoungGen      total 70656K, used 65536K [0x00000000d6100000, 0x00000000df200000, 0x0000000100000000)
  eden space 65536K, 100% used [0x00000000d6100000,0x00000000da100000,0x00000000da100000)
  from space 5120K, 0% used [0x00000000da100000,0x00000000da100000,0x00000000da600000)
  to   space 8704K, 0% used [0x00000000de980000,0x00000000de980000,0x00000000df200000)
 ParOldGen       total 48640K, used 5179K [0x0000000082200000, 0x0000000085180000, 0x00000000d6100000)
  object space 48640K, 10% used [0x0000000082200000,0x000000008270ec70,0x0000000085180000)
 Metaspace       used 21943K, capacity 22874K, committed 23040K, reserved 1069056K
  class space    used 2749K, capacity 2989K, committed 3072K, reserved 1048576K
Event: 2.377 GC heap after
Heap after GC invocations=7 (full 1):
 PSYoungGen      total 117760K, used 3389K [0x00000000d6100000, 0x00000000ded00000, 0x0000000100000000)
  eden space 114176K, 0% used [0x00000000d6100000,0x00000000d6100000,0x00000000dd080000)
  from space 3584K, 94% used [0x00000000de980000,0x00000000deccf480,0x00000000ded00000)
  to   space 8704K, 0% used [0x00000000ddc00000,0x00000000ddc00000,0x00000000de480000)
 ParOldGen       total 48640K, used 5187K [0x0000000082200000, 0x0000000085180000, 0x00000000d6100000)
  object space 48640K, 10% used [0x0000000082200000,0x0000000082710c70,0x0000000085180000)
 Metaspace       used 21943K, capacity 22874K, committed 23040K, reserved 1069056K
  class space    used 2749K, capacity 2989K, committed 3072K, reserved 1048576K
}
Event: 3.520 GC heap before
{Heap before GC invocations=8 (full 1):
 PSYoungGen      total 117760K, used 117565K [0x00000000d6100000, 0x00000000ded00000, 0x0000000100000000)
  eden space 114176K, 100% used [0x00000000d6100000,0x00000000dd080000,0x00000000dd080000)
  from space 3584K, 94% used [0x00000000de980000,0x00000000deccf480,0x00000000ded00000)
  to   space 8704K, 0% used [0x00000000ddc00000,0x00000000ddc00000,0x00000000de480000)
 ParOldGen       total 48640K, used 5187K [0x0000000082200000, 0x0000000085180000, 0x00000000d6100000)
  object space 48640K, 10% used [0x0000000082200000,0x0000000082710c70,0x0000000085180000)
 Metaspace       used 28179K, capacity 29690K, committed 29952K, reserved 1075200K
  class space    used 3705K, capacity 4007K, committed 4096K, reserved 1048576K
Event: 3.534 GC heap after
Heap after GC invocations=8 (full 1):
 PSYoungGen      total 122880K, used 8694K [0x00000000d6100000, 0x00000000ded00000, 0x0000000100000000)
  eden space 114176K, 0% used [0x00000000d6100000,0x00000000d6100000,0x00000000dd080000)
  from space 8704K, 99% used [0x00000000ddc00000,0x00000000de47db00,0x00000000de480000)
  to   space 3584K, 0% used [0x00000000de980000,0x00000000de980000,0x00000000ded00000)
 ParOldGen       total 48640K, used 7915K [0x0000000082200000, 0x0000000085180000, 0x00000000d6100000)
  object space 48640K, 16% used [0x0000000082200000,0x00000000829bafc0,0x0000000085180000)
 Metaspace       used 28179K, capacity 29690K, committed 29952K, reserved 1075200K
  class space    used 3705K, capacity 4007K, committed 4096K, reserved 1048576K
}
Event: 4.486 GC heap before
{Heap before GC invocations=9 (full 1):
 PSYoungGen      total 122880K, used 119360K [0x00000000d6100000, 0x00000000ded00000, 0x0000000100000000)
  eden space 114176K, 96% used [0x00000000d6100000,0x00000000dcd126d8,0x00000000dd080000)
  from space 8704K, 99% used [0x00000000ddc00000,0x00000000de47db00,0x00000000de480000)
  to   space 3584K, 0% used [0x00000000de980000,0x00000000de980000,0x00000000ded00000)
 ParOldGen       total 48640K, used 7915K [0x0000000082200000, 0x0000000085180000, 0x00000000d6100000)
  object space 48640K, 16% used [0x0000000082200000,0x00000000829bafc0,0x0000000085180000)
 Metaspace       used 33130K, capacity 35220K, committed 35416K, reserved 1079296K
  class space    used 4383K, capacity 4736K, committed 4736K, reserved 1048576K
Event: 4.495 GC heap after
Heap after GC invocations=9 (full 1):
 PSYoungGen      total 117760K, used 3576K [0x00000000d6100000, 0x00000000ded00000, 0x0000000100000000)
  eden space 114176K, 0% used [0x00000000d6100000,0x00000000d6100000,0x00000000dd080000)
  from space 3584K, 99% used [0x00000000de980000,0x00000000decfe2a8,0x00000000ded00000)
  to   space 8704K, 0% used [0x00000000ddc00000,0x00000000ddc00000,0x00000000de480000)
 ParOldGen       total 48640K, used 15318K [0x0000000082200000, 0x0000000085180000, 0x00000000d6100000)
  object space 48640K, 31% used [0x0000000082200000,0x00000000830f5ab8,0x0000000085180000)
 Metaspace       used 33130K, capacity 35220K, committed 35416K, reserved 1079296K
  class space    used 4383K, capacity 4736K, committed 4736K, reserved 1048576K
}
Event: 4.495 GC heap before
{Heap before GC invocations=10 (full 2):
 PSYoungGen      total 117760K, used 3576K [0x00000000d6100000, 0x00000000ded00000, 0x0000000100000000)
  eden space 114176K, 0% used [0x00000000d6100000,0x00000000d6100000,0x00000000dd080000)
  from space 3584K, 99% used [0x00000000de980000,0x00000000decfe2a8,0x00000000ded00000)
  to   space 8704K, 0% used [0x00000000ddc00000,0x00000000ddc00000,0x00000000de480000)
 ParOldGen       total 48640K, used 15318K [0x0000000082200000, 0x0000000085180000, 0x00000000d6100000)
  object space 48640K, 31% used [0x0000000082200000,0x00000000830f5ab8,0x0000000085180000)
 Metaspace       used 33130K, capacity 35220K, committed 35416K, reserved 1079296K
  class space    used 4383K, capacity 4736K, committed 4736K, reserved 1048576K
Event: 4.578 GC heap after
Heap after GC invocations=10 (full 2):
 PSYoungGen      total 117760K, used 0K [0x00000000d6100000, 0x00000000ded00000, 0x0000000100000000)
  eden space 114176K, 0% used [0x00000000d6100000,0x00000000d6100000,0x00000000dd080000)
  from space 3584K, 0% used [0x00000000de980000,0x00000000de980000,0x00000000ded00000)
  to   space 8704K, 0% used [0x00000000ddc00000,0x00000000ddc00000,0x00000000de480000)
 ParOldGen       total 82432K, used 14654K [0x0000000082200000, 0x0000000087280000, 0x00000000d6100000)
  object space 82432K, 17% used [0x0000000082200000,0x000000008304f9a0,0x0000000087280000)
 Metaspace       used 33130K, capacity 35220K, committed 35416K, reserved 1079296K
  class space    used 4383K, capacity 4736K, committed 4736K, reserved 1048576K
}
Event: 5.837 GC heap before
{Heap before GC invocations=11 (full 2):
 PSYoungGen      total 117760K, used 114176K [0x00000000d6100000, 0x00000000ded00000, 0x0000000100000000)
  eden space 114176K, 100% used [0x00000000d6100000,0x00000000dd080000,0x00000000dd080000)
  from space 3584K, 0% used [0x00000000de980000,0x00000000de980000,0x00000000ded00000)
  to   space 8704K, 0% used [0x00000000ddc00000,0x00000000ddc00000,0x00000000de480000)
 ParOldGen       total 82432K, used 14654K [0x0000000082200000, 0x0000000087280000, 0x00000000d6100000)
  object space 82432K, 17% used [0x0000000082200000,0x000000008304f9a0,0x0000000087280000)
 Metaspace       used 47707K, capacity 50032K, committed 50136K, reserved 1093632K
  class space    used 6500K, capacity 6907K, committed 6912K, reserved 1048576K
Event: 5.850 GC heap after
Heap after GC invocations=11 (full 2):
 PSYoungGen      total 134656K, used 8674K [0x00000000d6100000, 0x00000000e0d00000, 0x0000000100000000)
  eden space 125952K, 0% used [0x00000000d6100000,0x00000000d6100000,0x00000000ddc00000)
  from space 8704K, 99% used [0x00000000ddc00000,0x00000000de478838,0x00000000de480000)
  to   space 15360K, 0% used [0x00000000dfe00000,0x00000000dfe00000,0x00000000e0d00000)
 ParOldGen       total 82432K, used 20218K [0x0000000082200000, 0x0000000087280000, 0x00000000d6100000)
  object space 82432K, 24% used [0x0000000082200000,0x00000000835beb00,0x0000000087280000)
 Metaspace       used 47707K, capacity 50032K, committed 50136K, reserved 1093632K
  class space    used 6500K, capacity 6907K, committed 6912K, reserved 1048576K
}

