# JRE version: OpenJDK Runtime Environment JBR-11.0.8.10-944.34-jcef (11.0.8+10) (build 11.0.8+10-b944.34)
# Java VM: OpenJDK 64-Bit Server VM JBR-11.0.8.10-944.34-jcef (11.0.8+10-b944.34, mixed mode, tiered, compressed oops, g1 gc, windows-amd64)
Heap:
 garbage-first heap   total 155648K, used 59110K [0x0000000082200000, 0x0000000100000000)
  region size 1024K, 38 young (38912K), 4 survivors (4096K)
 Metaspace       used 41470K, capacity 42478K, committed 42624K, reserved 1087488K
  class space    used 4632K, capacity 4984K, committed 4992K, reserved 1048576K
GC Heap History (20 events):
Event: 1.011 GC heap before
{Heap before GC invocations=0 (full 0):
 garbage-first heap   total 129024K, used 23552K [0x0000000082200000, 0x0000000100000000)
  region size 1024K, 24 young (24576K), 0 survivors (0K)
 Metaspace       used 9207K, capacity 9345K, committed 9600K, reserved 1058816K
  class space    used 808K, capacity 840K, committed 896K, reserved 1048576K
}
Event: 1.017 GC heap after
{Heap after GC invocations=1 (full 0):
 garbage-first heap   total 129024K, used 4254K [0x0000000082200000, 0x0000000100000000)
  region size 1024K, 3 young (3072K), 3 survivors (3072K)
 Metaspace       used 9207K, capacity 9345K, committed 9600K, reserved 1058816K
  class space    used 808K, capacity 840K, committed 896K, reserved 1048576K
}
Event: 3.567 GC heap before
{Heap before GC invocations=1 (full 0):
 garbage-first heap   total 129024K, used 77982K [0x0000000082200000, 0x0000000100000000)
  region size 1024K, 75 young (76800K), 3 survivors (3072K)
 Metaspace       used 17272K, capacity 17686K, committed 17920K, reserved 1064960K
  class space    used 1832K, capacity 1975K, committed 2048K, reserved 1048576K
}
Event: 3.580 GC heap after
{Heap after GC invocations=2 (full 0):
 garbage-first heap   total 129024K, used 6664K [0x0000000082200000, 0x0000000100000000)
  region size 1024K, 6 young (6144K), 6 survivors (6144K)
 Metaspace       used 17272K, capacity 17686K, committed 17920K, reserved 1064960K
  class space    used 1832K, capacity 1975K, committed 2048K, reserved 1048576K
}
Event: 4.604 GC heap before
{Heap before GC invocations=2 (full 0):
 garbage-first heap   total 129024K, used 43528K [0x0000000082200000, 0x0000000100000000)
  region size 1024K, 44 young (45056K), 6 survivors (6144K)
 Metaspace       used 20674K, capacity 21135K, committed 21248K, reserved 1069056K
  class space    used 2282K, capacity 2464K, committed 2560K, reserved 1048576K
}
Event: 4.619 GC heap after
{Heap after GC invocations=3 (full 0):
 garbage-first heap   total 129024K, used 7883K [0x0000000082200000, 0x0000000100000000)
  region size 1024K, 4 young (4096K), 4 survivors (4096K)
 Metaspace       used 20674K, capacity 21135K, committed 21248K, reserved 1069056K
  class space    used 2282K, capacity 2464K, committed 2560K, reserved 1048576K
}
Event: 7.221 GC heap before
{Heap before GC invocations=4 (full 0):
 garbage-first heap   total 129024K, used 80587K [0x0000000082200000, 0x0000000100000000)
  region size 1024K, 75 young (76800K), 4 survivors (4096K)
 Metaspace       used 28201K, capacity 28991K, committed 29184K, reserved 1075200K
  class space    used 3287K, capacity 3563K, committed 3584K, reserved 1048576K
}
Event: 7.229 GC heap after
{Heap after GC invocations=5 (full 0):
 garbage-first heap   total 129024K, used 9562K [0x0000000082200000, 0x0000000100000000)
  region size 1024K, 6 young (6144K), 6 survivors (6144K)
 Metaspace       used 28201K, capacity 28991K, committed 29184K, reserved 1075200K
  class space    used 3287K, capacity 3563K, committed 3584K, reserved 1048576K
}
Event: 9.727 GC heap before
{Heap before GC invocations=5 (full 0):
 garbage-first heap   total 129024K, used 88410K [0x0000000082200000, 0x0000000100000000)
  region size 1024K, 75 young (76800K), 6 survivors (6144K)
 Metaspace       used 34199K, capacity 35113K, committed 35456K, reserved 1081344K
  class space    used 4027K, capacity 4376K, committed 4480K, reserved 1048576K
}
Event: 9.771 GC heap after
{Heap after GC invocations=6 (full 0):
 garbage-first heap   total 129024K, used 19940K [0x0000000082200000, 0x0000000100000000)
  region size 1024K, 10 young (10240K), 10 survivors (10240K)
 Metaspace       used 34199K, capacity 35113K, committed 35456K, reserved 1081344K
  class space    used 4027K, capacity 4376K, committed 4480K, reserved 1048576K
}
Event: 10.037 GC heap before
{Heap before GC invocations=6 (full 0):
 garbage-first heap   total 129024K, used 28132K [0x0000000082200000, 0x0000000100000000)
  region size 1024K, 20 young (20480K), 10 survivors (10240K)
 Metaspace       used 34868K, capacity 35769K, committed 35840K, reserved 1081344K
  class space    used 4074K, capacity 4445K, committed 4480K, reserved 1048576K
}
Event: 10.056 GC heap after
{Heap after GC invocations=7 (full 0):
 garbage-first heap   total 155648K, used 22913K [0x0000000082200000, 0x0000000100000000)
  region size 1024K, 4 young (4096K), 4 survivors (4096K)
 Metaspace       used 34868K, capacity 35769K, committed 35840K, reserved 1081344K
  class space    used 4074K, capacity 4445K, committed 4480K, reserved 1048576K
}
Event: 18.595 GC heap before
{Heap before GC invocations=8 (full 0):
 garbage-first heap   total 155648K, used 95617K [0x0000000082200000, 0x0000000100000000)
  region size 1024K, 76 young (77824K), 4 survivors (4096K)
 Metaspace       used 41193K, capacity 42120K, committed 42368K, reserved 1087488K
  class space    used 4631K, capacity 4981K, committed 4992K, reserved 1048576K
}
Event: 18.600 GC heap after
{Heap after GC invocations=9 (full 0):
 garbage-first heap   total 155648K, used 25246K [0x0000000082200000, 0x0000000100000000)
  region size 1024K, 7 young (7168K), 7 survivors (7168K)
 Metaspace       used 41193K, capacity 42120K, committed 42368K, reserved 1087488K
  class space    used 4631K, capacity 4981K, committed 4992K, reserved 1048576K
}
Event: 254.965 GC heap before
{Heap before GC invocations=9 (full 0):
 garbage-first heap   total 155648K, used 99998K [0x0000000082200000, 0x0000000100000000)
  region size 1024K, 81 young (82944K), 7 survivors (7168K)
 Metaspace       used 41348K, capacity 42339K, committed 42368K, reserved 1087488K
  class space    used 4632K, capacity 4984K, committed 4992K, reserved 1048576K
}
Event: 254.974 GC heap after
{Heap after GC invocations=10 (full 0):
 garbage-first heap   total 155648K, used 25350K [0x0000000082200000, 0x0000000100000000)
  region size 1024K, 4 young (4096K), 4 survivors (4096K)
 Metaspace       used 41348K, capacity 42339K, committed 42368K, reserved 1087488K
  class space    used 4632K, capacity 4984K, committed 4992K, reserved 1048576K
}
Event: 571.546 GC heap before
{Heap before GC invocations=10 (full 0):
 garbage-first heap   total 155648K, used 107270K [0x0000000082200000, 0x0000000100000000)
  region size 1024K, 84 young (86016K), 4 survivors (4096K)
 Metaspace       used 41424K, capacity 42409K, committed 42624K, reserved 1087488K
  class space    used 4632K, capacity 4984K, committed 4992K, reserved 1048576K
}
Event: 571.551 GC heap after
{Heap after GC invocations=11 (full 0):
 garbage-first heap   total 155648K, used 25185K [0x0000000082200000, 0x0000000100000000)
  region size 1024K, 4 young (4096K), 4 survivors (4096K)
 Metaspace       used 41424K, capacity 42409K, committed 42624K, reserved 1087488K
  class space    used 4632K, capacity 4984K, committed 4992K, reserved 1048576K
}
Event: 908.152 GC heap before
{Heap before GC invocations=11 (full 0):
 garbage-first heap   total 155648K, used 114273K [0x0000000082200000, 0x0000000100000000)
  region size 1024K, 91 young (93184K), 4 survivors (4096K)
 Metaspace       used 41459K, capacity 42414K, committed 42624K, reserved 1087488K
  class space    used 4632K, capacity 4984K, committed 4992K, reserved 1048576K
}
Event: 908.156 GC heap after
{Heap after GC invocations=12 (full 0):
 garbage-first heap   total 155648K, used 25318K [0x0000000082200000, 0x0000000100000000)
  region size 1024K, 4 young (4096K), 4 survivors (4096K)
 Metaspace       used 41459K, capacity 42414K, committed 42624K, reserved 1087488K
  class space    used 4632K, capacity 4984K, committed 4992K, reserved 1048576K
}

